{"meta": {"version": "7.3.2", "timestamp": "2025-11-02T15:15:01.319519", "branch_coverage": false, "show_contexts": false}, "files": {"src/envwizard/__init__.py": {"executed_lines": [1, 3, 4, 5, 7, 9], "summary": {"covered_lines": 5, "num_statements": 5, "percent_covered": 100.0, "percent_covered_display": "100", "missing_lines": 0, "excluded_lines": 0}, "missing_lines": [], "excluded_lines": []}, "src/envwizard/cli/__init__.py": {"executed_lines": [], "summary": {"covered_lines": 0, "num_statements": 2, "percent_covered": 0.0, "percent_covered_display": "0", "missing_lines": 2, "excluded_lines": 0}, "missing_lines": [3, 5], "excluded_lines": []}, "src/envwizard/cli/main.py": {"executed_lines": [], "summary": {"covered_lines": 0, "num_statements": 150, "percent_covered": 0.0, "percent_covered_display": "0", "missing_lines": 150, "excluded_lines": 0}, "missing_lines": [3, 4, 5, 7, 8, 9, 10, 11, 12, 14, 15, 17, 20, 22, 35, 36, 39, 40, 41, 42, 48, 49, 50, 52, 53, 54, 59, 60, 67, 73, 78, 83, 87, 103, 105, 106, 108, 110, 116, 117, 118, 121, 124, 125, 126, 128, 131, 136, 138, 144, 147, 150, 151, 158, 162, 164, 165, 167, 169, 174, 175, 176, 178, 181, 182, 189, 195, 199, 203, 204, 206, 208, 210, 211, 212, 213, 214, 222, 223, 226, 227, 234, 238, 239, 241, 243, 245, 246, 247, 254, 255, 258, 261, 262, 263, 266, 267, 268, 270, 273, 274, 275, 276, 277, 278, 279, 280, 281, 283, 284, 286, 289, 290, 292, 293, 296, 297, 298, 299, 300, 301, 302, 303, 306, 308, 311, 312, 314, 317, 318, 319, 320, 322, 325, 326, 328, 330, 333, 334, 341, 344, 345, 351, 354, 355, 356, 357, 358, 361, 362], "excluded_lines": []}, "src/envwizard/core.py": {"executed_lines": [1, 3, 4, 6, 7, 8, 11, 12, 14, 16, 17, 18, 19, 20, 22, 39, 50, 51, 54, 57, 58, 59, 61, 66, 67, 68, 69, 70, 71, 72, 73, 76, 79, 80, 81, 82, 83, 85, 87, 88, 91, 92, 93, 95, 97, 99, 101, 105, 107, 109, 110, 111, 113, 115, 117, 118, 119, 121, 122], "summary": {"covered_lines": 57, "num_statements": 60, "percent_covered": 95.0, "percent_covered_display": "95", "missing_lines": 3, "excluded_lines": 0}, "missing_lines": [62, 63, 74], "excluded_lines": []}, "src/envwizard/detectors/__init__.py": {"executed_lines": [1, 3, 4, 5, 7], "summary": {"covered_lines": 4, "num_statements": 4, "percent_covered": 100.0, "percent_covered_display": "100", "missing_lines": 0, "excluded_lines": 0}, "missing_lines": [], "excluded_lines": []}, "src/envwizard/detectors/base.py": {"executed_lines": [1, 3, 4, 5, 6, 9, 10, 12, 27, 29, 30, 31, 33, 35, 46, 47, 48, 49, 52, 53, 56, 59, 61, 63, 65, 68, 69, 70, 73, 74, 75, 78, 79, 83, 85, 87, 89, 90, 91, 92, 93, 94, 97, 98, 99, 100, 103, 105, 107, 108, 109, 110, 111, 112, 116, 117, 118, 119, 122, 123, 125, 129, 130, 131, 132, 133, 136, 138, 161, 163, 165, 166, 168, 169, 170, 173, 178, 179, 180, 184, 186, 189, 190, 194, 195, 201, 202, 203, 204, 205, 206, 207, 211, 212, 213, 214, 215, 219, 221, 223, 224, 236, 237, 238, 239, 241], "summary": {"covered_lines": 104, "num_statements": 145, "percent_covered": 71.72413793103448, "percent_covered_display": "72", "missing_lines": 41, "excluded_lines": 0}, "missing_lines": [80, 95, 101, 102, 113, 114, 126, 127, 134, 135, 140, 141, 142, 144, 145, 146, 147, 148, 149, 150, 151, 152, 153, 154, 155, 156, 157, 158, 159, 174, 175, 181, 182, 191, 196, 197, 198, 208, 209, 216, 217], "excluded_lines": []}, "src/envwizard/detectors/dependency.py": {"executed_lines": [1, 3, 4, 5, 6, 9, 10, 12, 14, 16, 19, 26, 27, 28, 30, 32, 34, 35, 36, 37, 38, 40, 43, 46, 48, 51, 53, 55, 56, 59, 61, 62, 70, 103, 124], "summary": {"covered_lines": 33, "num_statements": 112, "percent_covered": 29.464285714285715, "percent_covered_display": "29", "missing_lines": 79, "excluded_lines": 0}, "missing_lines": [41, 44, 47, 49, 50, 57, 63, 64, 65, 66, 68, 72, 73, 74, 75, 76, 77, 78, 80, 81, 82, 83, 86, 87, 90, 91, 92, 93, 94, 95, 97, 99, 100, 101, 105, 106, 107, 108, 110, 111, 112, 113, 114, 115, 116, 117, 118, 119, 120, 121, 122, 126, 127, 128, 130, 132, 133, 134, 135, 136, 137, 138, 139, 140, 141, 142, 144, 145, 146, 147, 148, 149, 150, 151, 152, 153, 154, 155, 157], "excluded_lines": []}, "src/envwizard/detectors/framework.py": {"executed_lines": [1, 3, 4, 7, 8, 10, 61, 99, 100, 102, 104, 105, 107, 108, 111, 116, 117, 118, 119, 122, 123, 124, 125, 126, 127, 128, 130, 132, 133, 135, 136, 137, 139, 141, 142, 152, 153, 155, 156, 157], "summary": {"covered_lines": 38, "num_statements": 46, "percent_covered": 82.6086956521739, "percent_covered_display": "83", "missing_lines": 8, "excluded_lines": 0}, "missing_lines": [143, 144, 145, 146, 147, 148, 150, 158], "excluded_lines": []}, "src/envwizard/generators/__init__.py": {"executed_lines": [1, 3, 5], "summary": {"covered_lines": 2, "num_statements": 2, "percent_covered": 100.0, "percent_covered_display": "100", "missing_lines": 0, "excluded_lines": 0}, "missing_lines": [], "excluded_lines": []}, "src/envwizard/generators/dotenv.py": {"executed_lines": [1, 3, 4, 5, 8, 9, 11, 13, 15, 32, 33, 36, 37, 40, 43, 44, 45, 48, 50, 52, 53, 56, 57, 58, 59, 61, 66, 73, 76, 77, 78, 79, 80, 81, 84, 85, 86, 87, 88, 89, 90, 93, 94, 95, 98, 99, 101, 102, 103, 104, 105, 106, 108, 111, 112, 113, 115, 117, 124, 127, 128, 129, 132, 133, 134, 135, 136, 137, 138, 141, 142, 143, 146, 147, 149, 150, 151, 152, 153, 154, 157, 158, 160, 163, 164, 165, 167, 169, 171, 173, 177, 178, 179, 180, 181, 182, 183, 184, 185, 187, 189, 191, 200, 201, 203, 205, 207, 208, 209, 210, 211, 214, 215, 216, 217, 218, 221, 222, 223, 228, 230, 231, 233, 234, 236, 237, 238, 240, 241, 242, 245, 246, 247, 249, 250, 251, 254, 255, 258, 259, 262, 265], "summary": {"covered_lines": 140, "num_statements": 148, "percent_covered": 94.5945945945946, "percent_covered_display": "95", "missing_lines": 8, "excluded_lines": 0}, "missing_lines": [63, 64, 225, 226, 243, 263, 267, 268], "excluded_lines": []}, "src/envwizard/venv.py": {"executed_lines": [1, 3, 4, 5, 6, 7, 8, 9, 12, 13, 15, 17, 18, 20, 33, 35, 36, 38, 40, 56, 58, 63, 65, 71, 73, 75, 78, 80, 82, 85, 87, 100, 102, 105, 107, 114, 116, 122, 123, 127, 134, 136, 138, 141, 142, 148, 152, 178, 184, 186, 187, 189, 190, 198, 199, 200, 206, 207, 211], "summary": {"covered_lines": 57, "num_statements": 89, "percent_covered": 64.04494382022472, "percent_covered_display": "64", "missing_lines": 32, "excluded_lines": 0}, "missing_lines": [41, 42, 43, 49, 60, 61, 66, 67, 69, 76, 83, 103, 125, 129, 130, 131, 132, 139, 149, 150, 155, 163, 164, 165, 171, 172, 173, 174, 176, 180, 208, 209], "excluded_lines": []}}, "totals": {"covered_lines": 440, "num_statements": 763, "percent_covered": 57.66710353866317, "percent_covered_display": "58", "missing_lines": 323, "excluded_lines": 0}}